AutoMPI: SUCCESS: command is:
 "/share/apps/openmpi/2.1.2/bin/mpiexec" "-np" "20" "/share/apps/paraview/5.6.0/lib/pvserver" "--server-port=38679"
AutoMPI: starting process server
--------------------------------------------------------------------------
A process has executed an operation involving a call to the
"fork()" system call to create a child process.  Open MPI is currently
operating in a condition that could result in memory corruption or
other system errors; your job may hang, crash, or produce silent
data corruption.  The use of fork() (or system() or other calls that
create child processes) is strongly discouraged.

The process that invoked fork was:

  Local host:          [[59608,1],0] (PID 2126)

If you are *absolutely sure* that your application will successfully
and correctly survive a call to fork(), you may disable this warning
by setting the mpi_warn_on_fork MCA parameter to 0.
--------------------------------------------------------------------------
-------------- server output --------------
--------------------------------------------------------------------------
There are not enough slots available in the system to satisfy the 20 slots
that were requested by the application:
  /share/apps/paraview/5.6.0/lib/pvserver

Either request fewer slots for your application, or make more slots available
for use.
--------------------------------------------------------------------------
AutoMPI: server never started.
vtkProcessModuleAutoMPIInternals: Server never started.
Generic Warning: In /share/apps/instaladores/ParaView-v5.6.0/ParaViewCore/ServerManager/Core/vtkSMSession.cxx, line 307
Failed to automatically launch 'pvserver' for multi-core support. Defaulting to local session.

slurmstepd: error: *** JOB 142885 ON cluster62 CANCELLED AT 2022-11-14T12:03:46 DUE TO TIME LIMIT ***
(null): Forwarding signal 18 to job
(null): Forwarding signal 18 to job
(null): Forwarding signal 18 to job
(null): Forwarding signal 18 to job
(null): Forwarding signal 18 to job
(null): Forwarding signal 18 to job
(null): Forwarding signal 18 to job
(null): Forwarding signal 18 to job
(null): Forwarding signal 18 to job
(null): Forwarding signal 18 to job
(null): Forwarding signal 18 to job
(null): Forwarding signal 18 to job
(null): Forwarding signal 18 to job
(null): Forwarding signal 18 to job
(null): Forwarding signal 18 to job
(null): Forwarding signal 18 to job
(null): Forwarding signal 18 to job
(null): Forwarding signal 18 to job
(null): Forwarding signal 18 to job
(null): Forwarding signal 18 to job
(null): Forwarding signal 18 to job
(null): Forwarding signal 18 to job
(null): Forwarding signal 18 to job
(null): Forwarding signal 18 to job
(null): Forwarding signal 18 to job
(null): Forwarding signal 18 to job
(null): Forwarding signal 18 to job
(null): Forwarding signal 18 to job
(null): Forwarding signal 18 to job
(null): Forwarding signal 18 to job
(null): Forwarding signal 18 to job
(null): Forwarding signal 18 to job
(null): Forwarding signal 18 to job
(null): Forwarding signal 18 to job
(null): Forwarding signal 18 to job
(null): Forwarding signal 18 to job
(null): Forwarding signal 18 to job
(null): Forwarding signal 18 to job
(null): Forwarding signal 18 to job
(null): Forwarding signal 18 to job
(null): Forwarding signal 18 to job
(null): Forwarding signal 18 to job
(null): Forwarding signal 18 to job
(null): Forwarding signal 18 to job
(null): Forwarding signal 18 to job
(null): Forwarding signal 18 to job
(null): Forwarding signal 18 to job
(null): Forwarding signal 18 to job
(null): Forwarding signal 18 to job
(null): Forwarding signal 18 to job
(null): Forwarding signal 18 to job
(null): Forwarding signal 18 to job
(null): Forwarding signal 18 to job
(null): Forwarding signal 18 to job
(null): Forwarding signal 18 to job
(null): Forwarding signal 18 to job
(null): Forwarding signal 18 to job
(null): Forwarding signal 18 to job
(null): Forwarding signal 18 to job
(null): Forwarding signal 18 to job
(null): Forwarding signal 18 to job
(null): Forwarding signal 18 to job
(null): Forwarding signal 18 to job
(null): Forwarding signal 18 to job
(null): Forwarding signal 18 to job
(null): Forwarding signal 18 to job
(null): Forwarding signal 18 to job
(null): Forwarding signal 18 to job
(null): Forwarding signal 18 to job
(null): Forwarding signal 18 to job
(null): Forwarding signal 18 to job
(null): Forwarding signal 18 to job
(null): Forwarding signal 18 to job
(null): Forwarding signal 18 to job
(null): Forwarding signal 18 to job
(null): Forwarding signal 18 to job
(null): Forwarding signal 18 to job
(null): Forwarding signal 18 to job
(null): Forwarding signal 18 to job
(null): Forwarding signal 18 to job
(null): Forwarding signal 18 to job
(null): Forwarding signal 18 to job
(null): Forwarding signal 18 to job
(null): Forwarding signal 18 to job
(null): Forwarding signal 18 to job
(null): Forwarding signal 18 to job
(null): Forwarding signal 18 to job
(null): Forwarding signal 18 to job
(null): Forwarding signal 18 to job
(null): Forwarding signal 18 to job
(null): Forwarding signal 18 to job
(null): Forwarding signal 18 to job
(null): Forwarding signal 18 to job
(null): Forwarding signal 18 to job
(null): Forwarding signal 18 to job
(null): Forwarding signal 18 to job
(null): Forwarding signal 18 to job
(null): Forwarding signal 18 to job
(null): Forwarding signal 18 to job
(null): Forwarding signal 18 to job
(null): Forwarding signal 18 to job
(null): Forwarding signal 18 to job
(null): Forwarding signal 18 to job
(null): Forwarding signal 18 to job
(null): Forwarding signal 18 to job
(null): Forwarding signal 18 to job
(null): Forwarding signal 18 to job
(null): Forwarding signal 18 to job
(null): Forwarding signal 18 to job
(null): Forwarding signal 18 to job
(null): Forwarding signal 18 to job
(null): Forwarding signal 18 to job
(null): Forwarding signal 18 to job
(null): Forwarding signal 18 to job
(null): Forwarding signal 18 to job
(null): Forwarding signal 18 to job
(null): Forwarding signal 18 to job
(null): Forwarding signal 18 to job
(null): Forwarding signal 18 to job
(null): Forwarding signal 18 to job
(null): Forwarding signal 18 to job
(null): Forwarding signal 18 to job
(null): Forwarding signal 18 to job
(null): Forwarding signal 18 to job
(null): Forwarding signal 18 to job
(null): Forwarding signal 18 to job
(null): Forwarding signal 18 to job
(null): Forwarding signal 18 to job
(null): Forwarding signal 18 to job
(null): Forwarding signal 18 to job
(null): Forwarding signal 18 to job
(null): Forwarding signal 18 to job
(null): Forwarding signal 18 to job
(null): Forwarding signal 18 to job
(null): Forwarding signal 18 to job
(null): Forwarding signal 18 to job
(null): Forwarding signal 18 to job
(null): Forwarding signal 18 to job
(null): Forwarding signal 18 to job
(null): Forwarding signal 18 to job
(null): Forwarding signal 18 to job
(null): Forwarding signal 18 to job
(null): Forwarding signal 18 to job
(null): Forwarding signal 18 to job
(null): Forwarding signal 18 to job
(null): Forwarding signal 18 to job
(null): Forwarding signal 18 to job
(null): Forwarding signal 18 to job
(null): Forwarding signal 18 to job
(null): Forwarding signal 18 to job
(null): Forwarding signal 18 to job
(null): Forwarding signal 18 to job
(null): Forwarding signal 18 to job
(null): Forwarding signal 18 to job
(null): Forwarding signal 18 to job
(null): Forwarding signal 18 to job
(null): Forwarding signal 18 to job
(null): Forwarding signal 18 to job
(null): Forwarding signal 18 to job
(null): Forwarding signal 18 to job
(null): Forwarding signal 18 to job
(null): Forwarding signal 18 to job
(null): Forwarding signal 18 to job
(null): Forwarding signal 18 to job
(null): Forwarding signal 18 to job
(null): Forwarding signal 18 to job
(null): Forwarding signal 18 to job
(null): Forwarding signal 18 to job
(null): Forwarding signal 18 to job
(null): Forwarding signal 18 to job
(null): Forwarding signal 18 to job
(null): Forwarding signal 18 to job
(null): Forwarding signal 18 to job
(null): Forwarding signal 18 to job
(null): Forwarding signal 18 to job
(null): Forwarding signal 18 to job
(null): Forwarding signal 18 to job
(null): Forwarding signal 18 to job
(null): Forwarding signal 18 to job
(null): Forwarding signal 18 to job
(null): Forwarding signal 18 to job
(null): Forwarding signal 18 to job
(null): Forwarding signal 18 to job
(null): Forwarding signal 18 to job
(null): Forwarding signal 18 to job
(null): Forwarding signal 18 to job
(null): Forwarding signal 18 to job
(null): Forwarding signal 18 to job
(null): Forwarding signal 18 to job
(null): Forwarding signal 18 to job
(null): Forwarding signal 18 to job
(null): Forwarding signal 18 to job
(null): Forwarding signal 18 to job
(null): Forwarding signal 18 to job
(null): Forwarding signal 18 to job
(null): Forwarding signal 18 to job
(null): Forwarding signal 18 to job
(null): Forwarding signal 18 to job
(null): Forwarding signal 18 to job
(null): Forwarding signal 18 to job
(null): Forwarding signal 18 to job
(null): Forwarding signal 18 to job
(null): Forwarding signal 18 to job
(null): Forwarding signal 18 to job
(null): Forwarding signal 18 to job
(null): Forwarding signal 18 to job
(null): Forwarding signal 18 to job
(null): Forwarding signal 18 to job
(null): Forwarding signal 18 to job
(null): Forwarding signal 18 to job
(null): Forwarding signal 18 to job
(null): Forwarding signal 18 to job
(null): Forwarding signal 18 to job
(null): Forwarding signal 18 to job
(null): Forwarding signal 18 to job
(null): Forwarding signal 18 to job
(null): Forwarding signal 18 to job
(null): Forwarding signal 18 to job
(null): Forwarding signal 18 to job
(null): Forwarding signal 18 to job
(null): Forwarding signal 18 to job
(null): Forwarding signal 18 to job
(null): Forwarding signal 18 to job
(null): Forwarding signal 18 to job
(null): Forwarding signal 18 to job
(null): Forwarding signal 18 to job
(null): Forwarding signal 18 to job
(null): Forwarding signal 18 to job
(null): Forwarding signal 18 to job
(null): Forwarding signal 18 to job
(null): Forwarding signal 18 to job
(null): Forwarding signal 18 to job
(null): Forwarding signal 18 to job
(null): Forwarding signal 18 to job
(null): Forwarding signal 18 to job
(null): Forwarding signal 18 to job
(null): Forwarding signal 18 to job
(null): Forwarding signal 18 to job
(null): Forwarding signal 18 to job
(null): Forwarding signal 18 to job
(null): Forwarding signal 18 to job
(null): Forwarding signal 18 to job
(null): Forwarding signal 18 to job
(null): Forwarding signal 18 to job
(null): Forwarding signal 18 to job
(null): Forwarding signal 18 to job
(null): Forwarding signal 18 to job
(null): Forwarding signal 18 to job
(null): Forwarding signal 18 to job
(null): Forwarding signal 18 to job
(null): Forwarding signal 18 to job
(null): Forwarding signal 18 to job
(null): Forwarding signal 18 to job
(null): Forwarding signal 18 to job
(null): Forwarding signal 18 to job
(null): Forwarding signal 18 to job
(null): Forwarding signal 18 to job
(null): Forwarding signal 18 to job
(null): Forwarding signal 18 to job
(null): Forwarding signal 18 to job
(null): Forwarding signal 18 to job
(null): Forwarding signal 18 to job
(null): Forwarding signal 18 to job
(null): Forwarding signal 18 to job
(null): Forwarding signal 18 to job
(null): Forwarding signal 18 to job
(null): Forwarding signal 18 to job
(null): Forwarding signal 18 to job
(null): Forwarding signal 18 to job
(null): Forwarding signal 18 to job
(null): Forwarding signal 18 to job
(null): Forwarding signal 18 to job
(null): Forwarding signal 18 to job
(null): Forwarding signal 18 to job
(null): Forwarding signal 18 to job
(null): Forwarding signal 18 to job
(null): Forwarding signal 18 to job
(null): Forwarding signal 18 to job
(null): Forwarding signal 18 to job
(null): Forwarding signal 18 to job
(null): Forwarding signal 18 to job
(null): Forwarding signal 18 to job
(null): Forwarding signal 18 to job
(null): Forwarding signal 18 to job
(null): Forwarding signal 18 to job
(null): Forwarding signal 18 to job
(null): Forwarding signal 18 to job
(null): Forwarding signal 18 to job
(null): Forwarding signal 18 to job
(null): Forwarding signal 18 to job
(null): Forwarding signal 18 to job
(null): Forwarding signal 18 to job
(null): Forwarding signal 18 to job
(null): Forwarding signal 18 to job
(null): Forwarding signal 18 to job
(null): Forwarding signal 18 to job
(null): Forwarding signal 18 to job
(null): Forwarding signal 18 to job
(null): Forwarding signal 18 to job
(null): Forwarding signal 18 to job
(null): Forwarding signal 18 to job
(null): Forwarding signal 18 to job
(null): Forwarding signal 18 to job
(null): Forwarding signal 18 to job
(null): Forwarding signal 18 to job
(null): Forwarding signal 18 to job
(null): Forwarding signal 18 to job
(null): Forwarding signal 18 to job
(null): Forwarding signal 18 to job
(null): Forwarding signal 18 to job
(null): Forwarding signal 18 to job
(null): Forwarding signal 18 to job
(null): Forwarding signal 18 to job
(null): Forwarding signal 18 to job
(null): Forwarding signal 18 to job
(null): Forwarding signal 18 to job
(null): Forwarding signal 18 to job
(null): Forwarding signal 18 to job
(null): Forwarding signal 18 to job
(null): Forwarding signal 18 to job
(null): Forwarding signal 18 to job
(null): Forwarding signal 18 to job
(null): Forwarding signal 18 to job
(null): Forwarding signal 18 to job
(null): Forwarding signal 18 to job
(null): Forwarding signal 18 to job
(null): Forwarding signal 18 to job
(null): Forwarding signal 18 to job
(null): Forwarding signal 18 to job
(null): Forwarding signal 18 to job
(null): Forwarding signal 18 to job
(null): Forwarding signal 18 to job
(null): Forwarding signal 18 to job
(null): Forwarding signal 18 to job
(null): Forwarding signal 18 to job
(null): Forwarding signal 18 to job
(null): Forwarding signal 18 to job
(null): Forwarding signal 18 to job
(null): Forwarding signal 18 to job
(null): Forwarding signal 18 to job
(null): Forwarding signal 18 to job
(null): Forwarding signal 18 to job
(null): Forwarding signal 18 to job
(null): Forwarding signal 18 to job
(null): Forwarding signal 18 to job
(null): Forwarding signal 18 to job
(null): Forwarding signal 18 to job
(null): Forwarding signal 18 to job
(null): Forwarding signal 18 to job
(null): Forwarding signal 18 to job
(null): Forwarding signal 18 to job
(null): Forwarding signal 18 to job
(null): Forwarding signal 18 to job
(null): Forwarding signal 18 to job
(null): Forwarding signal 18 to job
(null): Forwarding signal 18 to job
(null): Forwarding signal 18 to job
(null): Forwarding signal 18 to job
(null): Forwarding signal 18 to job
(null): Forwarding signal 18 to job
(null): Forwarding signal 18 to job
(null): Forwarding signal 18 to job
