/var/spool/slurmd/job141342/slurm_script: línea 13: blockMesh: no se encontró la orden
/var/spool/slurmd/job141342/slurm_script: línea 14: surfaceFeatures: no se encontró la orden
/var/spool/slurmd/job141342/slurm_script: línea 15: decomposePar: no se encontró la orden
[proxy:0:0@compute-0-17.local] HYDU_create_process (utils/launch/launch.c:75): execvp error on file snappyHexMesh (No such file or directory)
[proxy:0:0@compute-0-17.local] HYDU_create_process (utils/launch/launch.c:75): execvp error on file snappyHexMesh (No such file or directory)
[proxy:0:0@compute-0-17.local] HYDU_create_process (utils/launch/launch.c:75): execvp error on file snappyHexMesh (No such file or directory)
[proxy:0:0@compute-0-17.local] HYDU_create_process (utils/launch/launch.c:75): execvp error on file snappyHexMesh (No such file or directory)
[proxy:0:0@compute-0-17.local] HYDU_create_process (utils/launch/launch.c:75): execvp error on file snappyHexMesh (No such file or directory)
[proxy:0:0@compute-0-17.local] HYDU_create_process (utils/launch/launch.c:75): execvp error on file snappyHexMesh (No such file or directory)
[proxy:0:0@compute-0-17.local] HYDU_create_process (utils/launch/launch.c:75): execvp error on file snappyHexMesh (No such file or directory)
[proxy:0:0@compute-0-17.local] HYDU_create_process (utils/launch/launch.c:75): execvp error on file snappyHexMesh (No such file or directory)
[proxy:0:0@compute-0-17.local] HYDU_create_process (utils/launch/launch.c:75): execvp error on file snappyHexMesh (No such file or directory)
[proxy:0:0@compute-0-17.local] HYDU_create_process (utils/launch/launch.c:75): execvp error on file snappyHexMesh (No such file or directory)
[proxy:0:0@compute-0-17.local] HYDU_create_process (utils/launch/launch.c:75): execvp error on file snappyHexMesh (No such file or directory)
[proxy:0:0@compute-0-17.local] HYDU_create_process (utils/launch/launch.c:75): execvp error on file snappyHexMesh (No such file or directory)
[proxy:0:0@compute-0-17.local] HYDU_create_process (utils/launch/launch.c:75): execvp error on file snappyHexMesh (No such file or directory)
[proxy:0:0@compute-0-17.local] HYDU_create_process (utils/launch/launch.c:75): execvp error on file snappyHexMesh (No such file or directory)
[proxy:0:0@compute-0-17.local] HYDU_create_process (utils/launch/launch.c:75): execvp error on file snappyHexMesh (No such file or directory)
[proxy:0:0@compute-0-17.local] HYDU_create_process (utils/launch/launch.c:75): execvp error on file snappyHexMesh (No such file or directory)
[proxy:0:0@compute-0-17.local] HYDU_create_process (utils/launch/launch.c:75): execvp error on file snappyHexMesh (No such file or directory)
[proxy:0:0@compute-0-17.local] HYDU_create_process (utils/launch/launch.c:75): execvp error on file snappyHexMesh (No such file or directory)
[proxy:0:0@compute-0-17.local] HYDU_create_process (utils/launch/launch.c:75): execvp error on file snappyHexMesh (No such file or directory)
[proxy:0:0@compute-0-17.local] HYDU_create_process (utils/launch/launch.c:75): execvp error on file snappyHexMesh (No such file or directory)
[proxy:0:0@compute-0-17.local] HYDU_create_process (utils/launch/launch.c:75): execvp error on file snappyHexMesh (No such file or directory)
[proxy:0:0@compute-0-17.local] HYDU_create_process (utils/launch/launch.c:75): execvp error on file snappyHexMesh (No such file or directory)
[proxy:0:0@compute-0-17.local] HYDU_create_process (utils/launch/launch.c:75): execvp error on file snappyHexMesh (No such file or directory)
[proxy:0:0@compute-0-17.local] HYDU_create_process (utils/launch/launch.c:75): execvp error on file snappyHexMesh (No such file or directory)
[proxy:0:0@compute-0-17.local] HYDU_create_process (utils/launch/launch.c:75): execvp error on file snappyHexMesh (No such file or directory)
[proxy:0:0@compute-0-17.local] HYDU_create_process (utils/launch/launch.c:75): execvp error on file snappyHexMesh (No such file or directory)
[proxy:0:0@compute-0-17.local] HYDU_create_process (utils/launch/launch.c:75): execvp error on file snappyHexMesh (No such file or directory)
[proxy:0:0@compute-0-17.local] HYDU_create_process (utils/launch/launch.c:75): execvp error on file snappyHexMesh (No such file or directory)
[proxy:0:0@compute-0-17.local] HYDU_create_process (utils/launch/launch.c:75): execvp error on file snappyHexMesh (No such file or directory)
[proxy:0:0@compute-0-17.local] HYDU_create_process (utils/launch/launch.c:75): execvp error on file snappyHexMesh (No such file or directory)
[proxy:0:0@compute-0-17.local] HYDU_create_process (utils/launch/launch.c:75): execvp error on file snappyHexMesh (No such file or directory)
[proxy:0:0@compute-0-17.local] HYDU_create_process (utils/launch/launch.c:75): execvp error on file snappyHexMesh (No such file or directory)
[proxy:0:0@compute-0-17.local] HYDU_create_process (utils/launch/launch.c:75): execvp error on file snappyHexMesh (No such file or directory)
[proxy:0:0@compute-0-17.local] HYDU_create_process (utils/launch/launch.c:75): execvp error on file snappyHexMesh (No such file or directory)
[proxy:0:0@compute-0-17.local] HYDU_create_process (utils/launch/launch.c:75): execvp error on file snappyHexMesh (No such file or directory)
[proxy:0:0@compute-0-17.local] HYDU_create_process (utils/launch/launch.c:75): execvp error on file snappyHexMesh (No such file or directory)
[proxy:0:0@compute-0-17.local] HYDU_create_process (utils/launch/launch.c:75): execvp error on file snappyHexMesh (No such file or directory)
[proxy:0:0@compute-0-17.local] HYDU_create_process (utils/launch/launch.c:75): execvp error on file snappyHexMesh (No such file or directory)
[proxy:0:0@compute-0-17.local] HYDU_create_process (utils/launch/launch.c:75): execvp error on file snappyHexMesh (No such file or directory)
[proxy:0:0@compute-0-17.local] HYDU_create_process (utils/launch/launch.c:75): execvp error on file snappyHexMesh (No such file or directory)
/var/spool/slurmd/job141342/slurm_script: línea 18: reconstructParMesh: no se encontró la orden
/var/spool/slurmd/job141342/slurm_script: línea 19: renumberMesh: no se encontró la orden
/var/spool/slurmd/job141342/slurm_script: línea 20: checkMesh: no se encontró la orden
